There are 13 people total. 
Outputting all dates: 
2019-06-24 can accommodate the following 1 people: YHY 
2019-06-25 can accommodate the following 4 people: WZQ CYX YHY TXY 
2019-06-26 can accommodate the following 4 people: WZQ CYX YHY TXY 
2019-06-27 can accommodate the following 4 people: WZQ CYX YHY TXY 
2019-06-28 can accommodate the following 4 people: WZQ CYX YHY TXY 
2019-06-29 can accommodate the following 4 people: WZQ CYX YHY TXY 
2019-06-30 can accommodate the following 5 people: WZQ CW CYX YHY TXY 
2019-07-01 can accommodate the following 5 people: WZQ CW CYX YHY TXY 
2019-07-02 can accommodate the following 3 people: CW CYX TXY 
2019-07-03 can accommodate the following 4 people: WZQ CW CYX TXY 
2019-07-04 can accommodate the following 4 people: WZQ CW CYX TXY 
2019-07-05 can accommodate the following 5 people: WZQ CW CYX LHH TXY 
2019-07-06 can accommodate the following 5 people: WZQ CW CYX LHH TXY 
2019-07-07 can accommodate the following 9 people: WZQ ZZH CW CYX YHY HYT LHH TXY DBR 
2019-07-08 can accommodate the following 9 people: WZQ ZZH CW CYX YHY HYT LHH TXY DBR 
2019-07-09 can accommodate the following 9 people: WZQ ZZH CW CYX YHY HYT LHH TXY DBR 
2019-07-10 can accommodate the following 10 people: WZQ ZZH CW YYW CYX YHY HYT LHH TXY DBR 
2019-07-11 can accommodate the following 9 people: WZQ ZZH CW ZJH YYW YHY HYT TXY DBR 
2019-07-12 can accommodate the following 8 people: WZQ CW ZJH YYW YHY HYT TXY DBR 
2019-07-13 can accommodate the following 9 people: WZQ CW ZJH YYW YHY HYT LHH TXY DBR 
2019-07-14 can accommodate the following 9 people: WZQ CW ZJH YYW YHY HYT LHH TXY DBR 
2019-07-15 can accommodate the following 9 people: WZQ CW ZJH YYW YHY HYT LHH TXY DBR 
2019-07-16 can accommodate the following 10 people: WZQ CW ZJH YYW WYH YHY HYT LHH TXY DBR 
2019-07-17 can accommodate the following 10 people: WZQ CW ZJH YYW WYH YHY HYT LHH TXY DBR 
2019-07-18 can accommodate the following 11 people: WZQ CW ZJH YYW DYX WYH YHY HYT LHH TXY DBR 
2019-07-19 can accommodate the following 11 people: WZQ CW ZJH YYW DYX WYH YHY HYT LHH TXY DBR 
2019-07-20 can accommodate the following 11 people: WZQ CW ZJH YYW DYX WYH YHY HYT LHH TXY DBR 
2019-07-21 can accommodate the following 11 people: WZQ CW ZJH YYW DYX WYH YHY HYT LHH TXY DBR 
2019-07-22 can accommodate the following 11 people: WZQ CW ZJH YYW DYX WYH YHY HYT LHH TXY DBR 
2019-07-23 can accommodate the following 11 people: WZQ CW ZJH YYW DYX WYH YHY HYT LHH TXY DBR 
2019-07-24 can accommodate the following 11 people: WZQ CW ZJH YYW DYX WYH YHY HYT LHH TXY DBR 
2019-07-25 can accommodate the following 11 people: WZQ CW ZJH YYW DYX WYH YHY HYT LHH TXY DBR 
2019-07-26 can accommodate the following 11 people: WZQ CW ZJH YYW DYX WYH YHY HYT LHH TXY DBR 
2019-07-27 can accommodate the following 11 people: WZQ CW ZJH YYW DYX WYH YHY HYT LHH TXY DBR 
2019-07-28 can accommodate the following 11 people: WZQ CW ZJH YYW DYX WYH YHY HYT LHH TXY DBR 
2019-07-29 can accommodate the following 11 people: WZQ CW ZJH YYW DYX WYH YHY HYT LHH TXY DBR 
2019-07-30 can accommodate the following 11 people: WZQ CW ZJH YYW DYX WYH YHY HYT LHH TXY DBR 
2019-07-31 can accommodate the following 11 people: WZQ CW ZJH YYW DYX WYH YHY HYT LHH TXY DBR 
2019-08-01 can accommodate the following 13 people: WZQ ZZH CW ZJH YYW DYX CYX WYH YHY HYT LHH TXY DBR 
2019-08-02 can accommodate the following 13 people: WZQ ZZH CW ZJH YYW DYX CYX WYH YHY HYT LHH TXY DBR 
2019-08-03 can accommodate the following 13 people: WZQ ZZH CW ZJH YYW DYX CYX WYH YHY HYT LHH TXY DBR 
2019-08-04 can accommodate the following 13 people: WZQ ZZH CW ZJH YYW DYX CYX WYH YHY HYT LHH TXY DBR 
2019-08-05 can accommodate the following 13 people: WZQ ZZH CW ZJH YYW DYX CYX WYH YHY HYT LHH TXY DBR 
2019-08-06 can accommodate the following 13 people: WZQ ZZH CW ZJH YYW DYX CYX WYH YHY HYT LHH TXY DBR 
2019-08-07 can accommodate the following 13 people: WZQ ZZH CW ZJH YYW DYX CYX WYH YHY HYT LHH TXY DBR 
2019-08-08 can accommodate the following 13 people: WZQ ZZH CW ZJH YYW DYX CYX WYH YHY HYT LHH TXY DBR 
2019-08-09 can accommodate the following 13 people: WZQ ZZH CW ZJH YYW DYX CYX WYH YHY HYT LHH TXY DBR 
2019-08-10 can accommodate the following 12 people: WZQ ZZH CW ZJH YYW DYX WYH YHY HYT LHH TXY DBR 
2019-08-11 can accommodate the following 11 people: WZQ CW ZJH YYW DYX WYH YHY HYT LHH TXY DBR 
2019-08-12 can accommodate the following 11 people: WZQ CW ZJH YYW DYX WYH YHY HYT LHH TXY DBR 
2019-08-13 can accommodate the following 11 people: WZQ CW ZJH YYW DYX WYH YHY HYT LHH TXY DBR 
2019-08-14 can accommodate the following 11 people: WZQ CW ZJH YYW DYX WYH YHY HYT LHH TXY DBR 
2019-08-15 can accommodate the following 11 people: WZQ CW ZJH YYW DYX WYH YHY HYT LHH TXY DBR 
2019-08-16 can accommodate the following 11 people: WZQ CW ZJH YYW DYX WYH YHY HYT LHH TXY DBR 
2019-08-17 can accommodate the following 11 people: WZQ CW ZJH YYW DYX WYH YHY HYT LHH TXY DBR 
2019-08-18 can accommodate the following 10 people: WZQ CW ZJH YYW DYX WYH YHY HYT TXY DBR 
2019-08-19 can accommodate the following 10 people: WZQ CW ZJH YYW DYX WYH YHY HYT TXY DBR 
2019-08-20 can accommodate the following 10 people: WZQ CW ZJH YYW DYX WYH YHY HYT TXY DBR 
2019-08-21 can accommodate the following 10 people: WZQ CW ZJH YYW DYX WYH YHY HYT TXY DBR 
2019-08-22 can accommodate the following 10 people: WZQ CW ZJH YYW DYX WYH YHY HYT TXY DBR 
2019-08-23 can accommodate the following 10 people: WZQ CW ZJH YYW DYX WYH YHY HYT TXY DBR 
2019-08-24 can accommodate the following 10 people: WZQ CW ZJH YYW DYX WYH YHY HYT TXY DBR 
2019-08-25 can accommodate the following 10 people: WZQ CW ZJH YYW DYX WYH YHY HYT TXY DBR 
2019-08-26 can accommodate the following 10 people: WZQ CW ZJH YYW DYX WYH YHY HYT TXY DBR 
2019-08-27 can accommodate the following 10 people: WZQ CW ZJH YYW DYX WYH YHY HYT TXY DBR 
2019-08-28 can accommodate the following 10 people: WZQ CW ZJH YYW DYX WYH YHY HYT TXY DBR 
2019-08-29 can accommodate the following 10 people: WZQ CW ZJH YYW DYX WYH YHY HYT TXY DBR 
2019-08-30 can accommodate the following 10 people: WZQ CW ZJH YYW DYX WYH YHY HYT TXY DBR 
2019-08-31 can accommodate the following 10 people: WZQ CW ZJH YYW DYX WYH YHY HYT TXY DBR 
2019-09-01 can accommodate the following 11 people: WZQ ZZH CW ZJH YYW DYX WYH YHY HYT TXY DBR 
2019-09-02 can accommodate the following 2 people: ZZH CW 
2019-09-03 can accommodate the following 2 people: ZZH CW 
2019-09-04 can accommodate the following 2 people: ZZH CW 
2019-09-05 can accommodate the following 2 people: ZZH CW 
2019-09-06 can accommodate the following 2 people: ZZH CW 
2019-09-07 can accommodate the following 2 people: ZZH CW 
2019-09-08 can accommodate the following 2 people: ZZH CW 
2019-09-09 can accommodate the following 2 people: ZZH CW 
2019-09-10 can accommodate the following 2 people: ZZH CW 
2019-09-11 can accommodate the following 2 people: ZZH CW 
2019-09-12 can accommodate the following 2 people: ZZH CW 
2019-09-13 can accommodate the following 1 people: ZZH 
2019-09-14 can accommodate the following 1 people: ZZH 
2019-09-15 can accommodate the following 1 people: ZZH 
2019-09-16 can accommodate the following 1 people: ZZH 
2019-09-17 can accommodate the following 1 people: ZZH 
2019-09-18 can accommodate the following 1 people: ZZH 
2019-09-19 can accommodate the following 1 people: ZZH 
2019-09-20 can accommodate the following 1 people: ZZH 
2019-09-21 can accommodate the following 1 people: ZZH 
2019-09-22 can accommodate the following 1 people: ZZH 
2019-09-23 can accommodate the following 1 people: ZZH 
2019-09-24 can accommodate the following 1 people: ZZH 
2019-09-25 can accommodate the following 1 people: ZZH 
2019-09-26 can accommodate the following 1 people: ZZH 
2019-09-27 can accommodate the following 1 people: ZZH 
2019-09-28 can accommodate the following 1 people: ZZH 
2019-09-29 can accommodate the following 1 people: ZZH 
Outputting best days: 
2019-08-01 can accommodate the following 13 people: WZQ ZZH CW ZJH YYW DYX CYX WYH YHY HYT LHH TXY DBR 
2019-08-02 can accommodate the following 13 people: WZQ ZZH CW ZJH YYW DYX CYX WYH YHY HYT LHH TXY DBR 
2019-08-03 can accommodate the following 13 people: WZQ ZZH CW ZJH YYW DYX CYX WYH YHY HYT LHH TXY DBR 
2019-08-04 can accommodate the following 13 people: WZQ ZZH CW ZJH YYW DYX CYX WYH YHY HYT LHH TXY DBR 
2019-08-05 can accommodate the following 13 people: WZQ ZZH CW ZJH YYW DYX CYX WYH YHY HYT LHH TXY DBR 
2019-08-06 can accommodate the following 13 people: WZQ ZZH CW ZJH YYW DYX CYX WYH YHY HYT LHH TXY DBR 
2019-08-07 can accommodate the following 13 people: WZQ ZZH CW ZJH YYW DYX CYX WYH YHY HYT LHH TXY DBR 
2019-08-08 can accommodate the following 13 people: WZQ ZZH CW ZJH YYW DYX CYX WYH YHY HYT LHH TXY DBR 
2019-08-09 can accommodate the following 13 people: WZQ ZZH CW ZJH YYW DYX CYX WYH YHY HYT LHH TXY DBR 
